2023-08-06 08:13:14.777632 - Initialized conversion of CBT885
2023-08-06 08:13:15.086495 - Received CBT.V505.FILE885.PDS from FILE885.XMI 
2023-08-06 08:13:15.088982 - Found $$$#DATE.txt (text/plain) in CBT.V505.FILE885.PDS, moved to PDS/$$$#DATE
2023-08-06 08:13:15.089967 - Found $$INDEX.txt (text/plain) in CBT.V505.FILE885.PDS, moved to PDS/$$INDEX
2023-08-06 08:13:15.090914 - Found $ASM.jcl (text/plain) in CBT.V505.FILE885.PDS, moved to PDS/$ASM
2023-08-06 08:13:15.091897 - Found $ASMSG.jcl (text/plain) in CBT.V505.FILE885.PDS, moved to PDS/$ASMSG
2023-08-06 08:13:15.092790 - Found $ASMSG2.jcl (text/plain) in CBT.V505.FILE885.PDS, moved to PDS/$ASMSG2
2023-08-06 08:13:15.093694 - Found $ASM2.jcl (text/plain) in CBT.V505.FILE885.PDS, moved to PDS/$ASM2
2023-08-06 08:13:15.094724 - Found $DOC.txt (text/plain) in CBT.V505.FILE885.PDS, moved to PDS/$DOC
2023-08-06 08:13:15.095734 - Found $JCL.jcl (text/plain) in CBT.V505.FILE885.PDS, moved to PDS/$JCL
2023-08-06 08:13:15.096703 - Found @FILE885.txt (text/plain) in CBT.V505.FILE885.PDS, moved to PDS/@FILE885
2023-08-06 08:13:15.097658 - Found ASMA.jcl (text/plain) in CBT.V505.FILE885.PDS, moved to PDS/ASMA
2023-08-06 08:13:15.098619 - Found BITMAP.txt (text/plain) in CBT.V505.FILE885.PDS, moved to PDS/BITMAP
2023-08-06 08:13:15.099667 - Found HDISASM.txt (text/plain) in CBT.V505.FILE885.PDS, moved to PDS/HDISASM
2023-08-06 08:13:15.100632 - Found HDISASMO.txt (text/plain) in CBT.V505.FILE885.PDS, moved to PDS/HDISASMO
2023-08-06 08:13:15.101721 - Found HDISASM1.txt (text/plain) in CBT.V505.FILE885.PDS, moved to PDS/HDISASM1
2023-08-06 08:13:15.102712 - Found HDISASM2.txt (text/plain) in CBT.V505.FILE885.PDS, moved to PDS/HDISASM2
2023-08-06 08:13:15.103738 - Found HDISCCTB.txt (text/plain) in CBT.V505.FILE885.PDS, moved to PDS/HDISCCTB
2023-08-06 08:13:15.104595 - Found HDISEQU.txt (text/plain) in CBT.V505.FILE885.PDS, moved to PDS/HDISEQU
2023-08-06 08:13:15.105636 - Found HDISOPTB.txt (text/plain) in CBT.V505.FILE885.PDS, moved to PDS/HDISOPTB
2023-08-06 08:13:15.106722 - Found HDISOPT1.txt (text/plain) in CBT.V505.FILE885.PDS, moved to PDS/HDISOPT1
2023-08-06 08:13:15.107744 - Found HDISOPT2.txt (text/plain) in CBT.V505.FILE885.PDS, moved to PDS/HDISOPT2
2023-08-06 08:13:15.108690 - Found HDISSVTB.txt (text/plain) in CBT.V505.FILE885.PDS, moved to PDS/HDISSVTB
2023-08-06 08:13:15.109647 - Found HDISTC.txt (text/plain) in CBT.V505.FILE885.PDS, moved to PDS/HDISTC
2023-08-06 08:13:15.110674 - Found HDISTD.txt (text/plain) in CBT.V505.FILE885.PDS, moved to PDS/HDISTD
2023-08-06 08:13:15.124060 - Found LOAD.xmi (application/xmit) in CBT.V505.FILE885.PDS
2023-08-06 08:13:15.131222   - Received RECFM=U data, stored XMIT file as CBT885/LOAD.xmi
2023-08-06 08:13:15.132376 - Found MVSC#SFT.txt (text/plain) in CBT.V505.FILE885.PDS, moved to PDS/MVSC#SFT
2023-08-06 08:13:15.133255 - Found READLMOD.txt (text/plain) in CBT.V505.FILE885.PDS, moved to PDS/READLMOD
2023-08-06 08:13:15.134087 - Found SRCHDSCT.txt (text/plain) in CBT.V505.FILE885.PDS, moved to PDS/SRCHDSCT
2023-08-06 08:13:15.134950 - Found WRITEOUT.txt (text/plain) in CBT.V505.FILE885.PDS, moved to PDS/WRITEOUT
